[debug] [2021-06-28T07:27:27.434Z] ----------------------------------------------------------------------
[debug] [2021-06-28T07:27:27.439Z] Command:       /usr/bin/node /home/salman/.local/bin/firebase deploy --only functions
[debug] [2021-06-28T07:27:27.439Z] CLI Version:   9.12.1
[debug] [2021-06-28T07:27:27.440Z] Platform:      linux
[debug] [2021-06-28T07:27:27.440Z] Node Version:  v16.3.0
[debug] [2021-06-28T07:27:27.440Z] Time:          Mon Jun 28 2021 13:27:27 GMT+0600 (Bangladesh Standard Time)
[debug] [2021-06-28T07:27:27.441Z] ----------------------------------------------------------------------
[debug] 
[debug] [2021-06-28T07:27:27.452Z] > command requires scopes: ["email","openid","https://www.googleapis.com/auth/cloudplatformprojects.readonly","https://www.googleapis.com/auth/firebase","https://www.googleapis.com/auth/cloud-platform"]
[debug] [2021-06-28T07:27:27.452Z] > authorizing via signed-in user (salman104alvi@gmail.com)
[debug] [2021-06-28T07:27:27.453Z] [iam] checking project three-zero-club for permissions ["cloudfunctions.functions.create","cloudfunctions.functions.delete","cloudfunctions.functions.get","cloudfunctions.functions.list","cloudfunctions.functions.update","cloudfunctions.operations.get","firebase.projects.get"]
[debug] [2021-06-28T07:27:27.457Z] > refreshing access token with scopes: ["email","https://www.googleapis.com/auth/cloud-platform","https://www.googleapis.com/auth/cloudplatformprojects.readonly","https://www.googleapis.com/auth/firebase","openid"]
[debug] [2021-06-28T07:27:27.458Z] >>> HTTP REQUEST POST https://www.googleapis.com/oauth2/v3/token  
 <request body omitted>
[debug] [2021-06-28T07:27:27.851Z] <<< HTTP RESPONSE 200 {"date":"Mon, 28 Jun 2021 07:28:53 GMT","cache-control":"no-cache, no-store, max-age=0, must-revalidate","expires":"Mon, 01 Jan 1990 00:00:00 GMT","pragma":"no-cache","content-type":"application/json; charset=utf-8","vary":"X-Origin, Referer, Origin,Accept-Encoding","server":"scaffolding on HTTPServer2","x-xss-protection":"0","x-frame-options":"SAMEORIGIN","x-content-type-options":"nosniff","alt-svc":"h3=\":443\"; ma=2592000,h3-29=\":443\"; ma=2592000,h3-T051=\":443\"; ma=2592000,h3-Q050=\":443\"; ma=2592000,h3-Q046=\":443\"; ma=2592000,h3-Q043=\":443\"; ma=2592000,quic=\":443\"; ma=2592000; v=\"46,43\"","accept-ranges":"none","transfer-encoding":"chunked"}
[debug] [2021-06-28T07:27:27.867Z] >>> HTTP REQUEST POST https://cloudresourcemanager.googleapis.com/v1/projects/three-zero-club:testIamPermissions  
 {"permissions":["cloudfunctions.functions.create","cloudfunctions.functions.delete","cloudfunctions.functions.get","cloudfunctions.functions.list","cloudfunctions.functions.update","cloudfunctions.operations.get","firebase.projects.get"]}
[debug] [2021-06-28T07:27:29.308Z] <<< HTTP RESPONSE 200 {"content-type":"application/json; charset=UTF-8","vary":"X-Origin, Referer, Origin,Accept-Encoding","date":"Mon, 28 Jun 2021 07:28:55 GMT","server":"ESF","cache-control":"private","x-xss-protection":"0","x-frame-options":"SAMEORIGIN","x-content-type-options":"nosniff","server-timing":"gfet4t7; dur=1123","alt-svc":"h3=\":443\"; ma=2592000,h3-29=\":443\"; ma=2592000,h3-T051=\":443\"; ma=2592000,h3-Q050=\":443\"; ma=2592000,h3-Q046=\":443\"; ma=2592000,h3-Q043=\":443\"; ma=2592000,quic=\":443\"; ma=2592000; v=\"46,43\"","accept-ranges":"none","transfer-encoding":"chunked"}
[debug] [2021-06-28T07:27:29.309Z] >>> HTTP REQUEST POST https://iam.googleapis.com/v1/projects/three-zero-club/serviceAccounts/three-zero-club@appspot.gserviceaccount.com:testIamPermissions  
 {"permissions":["iam.serviceAccounts.actAs"]}
[debug] [2021-06-28T07:27:30.832Z] <<< HTTP RESPONSE 200 {"content-type":"application/json; charset=UTF-8","vary":"X-Origin, Referer, Origin,Accept-Encoding","date":"Mon, 28 Jun 2021 07:28:56 GMT","server":"ESF","cache-control":"private","x-xss-protection":"0","x-frame-options":"SAMEORIGIN","x-content-type-options":"nosniff","alt-svc":"h3=\":443\"; ma=2592000,h3-29=\":443\"; ma=2592000,h3-T051=\":443\"; ma=2592000,h3-Q050=\":443\"; ma=2592000,h3-Q046=\":443\"; ma=2592000,h3-Q043=\":443\"; ma=2592000,quic=\":443\"; ma=2592000; v=\"46,43\"","accept-ranges":"none","transfer-encoding":"chunked"}
[info] 
[info] === Deploying to 'three-zero-club'...
[info] 
[info] i  deploying functions 
[info] i  functions: ensuring required API cloudfunctions.googleapis.com is enabled... 
[info] i  functions: ensuring required API cloudbuild.googleapis.com is enabled... 
[debug] [2021-06-28T07:27:35.661Z] >>> HTTP REQUEST GET https://serviceusage.googleapis.com/v1/projects/three-zero-club/services/cloudfunctions.googleapis.com  
 
[debug] [2021-06-28T07:27:35.662Z] >>> HTTP REQUEST GET https://serviceusage.googleapis.com/v1/projects/three-zero-club/services/runtimeconfig.googleapis.com  
 
[debug] [2021-06-28T07:27:35.662Z] >>> HTTP REQUEST GET https://serviceusage.googleapis.com/v1/projects/three-zero-club/services/cloudbuild.googleapis.com  
 
[debug] [2021-06-28T07:27:37.766Z] <<< HTTP RESPONSE 200 {"content-type":"application/json; charset=UTF-8","vary":"X-Origin, Referer, Origin,Accept-Encoding","date":"Mon, 28 Jun 2021 07:29:03 GMT","server":"ESF","cache-control":"private","x-xss-protection":"0","x-frame-options":"SAMEORIGIN","x-content-type-options":"nosniff","alt-svc":"h3=\":443\"; ma=2592000,h3-29=\":443\"; ma=2592000,h3-T051=\":443\"; ma=2592000,h3-Q050=\":443\"; ma=2592000,h3-Q046=\":443\"; ma=2592000,h3-Q043=\":443\"; ma=2592000,quic=\":443\"; ma=2592000; v=\"46,43\"","accept-ranges":"none","transfer-encoding":"chunked"}
[debug] [2021-06-28T07:27:37.894Z] <<< HTTP RESPONSE 200 {"content-type":"application/json; charset=UTF-8","vary":"X-Origin, Referer, Origin,Accept-Encoding","date":"Mon, 28 Jun 2021 07:29:03 GMT","server":"ESF","cache-control":"private","x-xss-protection":"0","x-frame-options":"SAMEORIGIN","x-content-type-options":"nosniff","alt-svc":"h3=\":443\"; ma=2592000,h3-29=\":443\"; ma=2592000,h3-T051=\":443\"; ma=2592000,h3-Q050=\":443\"; ma=2592000,h3-Q046=\":443\"; ma=2592000,h3-Q043=\":443\"; ma=2592000,quic=\":443\"; ma=2592000; v=\"46,43\"","accept-ranges":"none","transfer-encoding":"chunked"}
[info] ✔  functions: required API cloudfunctions.googleapis.com is enabled 
[debug] [2021-06-28T07:27:38.527Z] <<< HTTP RESPONSE 200 {"content-type":"application/json; charset=UTF-8","vary":"X-Origin, Referer, Origin,Accept-Encoding","date":"Mon, 28 Jun 2021 07:29:04 GMT","server":"ESF","cache-control":"private","x-xss-protection":"0","x-frame-options":"SAMEORIGIN","x-content-type-options":"nosniff","alt-svc":"h3=\":443\"; ma=2592000,h3-29=\":443\"; ma=2592000,h3-T051=\":443\"; ma=2592000,h3-Q050=\":443\"; ma=2592000,h3-Q046=\":443\"; ma=2592000,h3-Q043=\":443\"; ma=2592000,quic=\":443\"; ma=2592000; v=\"46,43\"","accept-ranges":"none","transfer-encoding":"chunked"}
[info] ✔  functions: required API cloudbuild.googleapis.com is enabled 
[debug] [2021-06-28T07:27:38.530Z] >>> HTTP REQUEST GET https://firebase.googleapis.com/v1beta1/projects/three-zero-club/adminSdkConfig  
 
[debug] [2021-06-28T07:27:39.281Z] <<< HTTP RESPONSE 200 {"content-type":"application/json; charset=UTF-8","vary":"X-Origin, Referer, Origin,Accept-Encoding","date":"Mon, 28 Jun 2021 07:29:05 GMT","server":"ESF","cache-control":"private","x-xss-protection":"0","x-frame-options":"SAMEORIGIN","x-content-type-options":"nosniff","alt-svc":"h3=\":443\"; ma=2592000,h3-29=\":443\"; ma=2592000,h3-T051=\":443\"; ma=2592000,h3-Q050=\":443\"; ma=2592000,h3-Q046=\":443\"; ma=2592000,h3-Q043=\":443\"; ma=2592000,quic=\":443\"; ma=2592000; v=\"46,43\"","accept-ranges":"none","transfer-encoding":"chunked"}
[info] i  functions: preparing functions directory for uploading... 
[debug] [2021-06-28T07:27:39.284Z] >>> HTTP REQUEST GET https://runtimeconfig.googleapis.com/v1beta1/projects/three-zero-club/configs  
 
[debug] [2021-06-28T07:27:39.909Z] <<< HTTP RESPONSE 200 {"content-type":"application/json; charset=UTF-8","vary":"X-Origin, Referer, Origin,Accept-Encoding","date":"Mon, 28 Jun 2021 07:29:05 GMT","server":"ESF","cache-control":"private","x-xss-protection":"0","x-frame-options":"SAMEORIGIN","x-content-type-options":"nosniff","alt-svc":"h3=\":443\"; ma=2592000,h3-29=\":443\"; ma=2592000,h3-T051=\":443\"; ma=2592000,h3-Q050=\":443\"; ma=2592000,h3-Q046=\":443\"; ma=2592000,h3-Q043=\":443\"; ma=2592000,quic=\":443\"; ma=2592000; v=\"46,43\"","accept-ranges":"none","transfer-encoding":"chunked"}
[debug] [2021-06-28T07:27:39.911Z] Analyizing backend with strategy parseJSExports
[info] i  functions: packaged functions (40.01 KB) for uploading 
[debug] [2021-06-28T07:27:40.495Z] > [functions] package.json contents: {
  "license": "MIT",
  "private": true,
  "scripts": {
    "serve": "firebase emulators:start --only functions",
    "shell": "firebase functions:shell",
    "start": "npm run shell",
    "deploy": "firebase deploy --only functions",
    "logs": "firebase functions:log"
  },
  "dependencies": {
    "@sendgrid/mail": "^7.4.5",
    "firebase-admin": "^9.8.0",
    "firebase-functions": "^3.14.1",
    "mailgun-js": "^0.22.0"
  },
  "devDependencies": {
    "firebase-functions-test": "^0.2.0"
  }
}
[debug] [2021-06-28T07:27:40.496Z] >>> HTTP REQUEST GET https://cloudfunctions.googleapis.com/v1/projects/three-zero-club/locations/-/functions  
 
[debug] [2021-06-28T07:27:41.273Z] <<< HTTP RESPONSE 200 {"content-type":"application/json; charset=UTF-8","vary":"X-Origin, Referer, Origin,Accept-Encoding","date":"Mon, 28 Jun 2021 07:29:07 GMT","server":"ESF","cache-control":"private","x-xss-protection":"0","x-frame-options":"SAMEORIGIN","x-content-type-options":"nosniff","alt-svc":"h3=\":443\"; ma=2592000,h3-29=\":443\"; ma=2592000,h3-T051=\":443\"; ma=2592000,h3-Q050=\":443\"; ma=2592000,h3-Q046=\":443\"; ma=2592000,h3-Q043=\":443\"; ma=2592000,quic=\":443\"; ma=2592000; v=\"46,43\"","accept-ranges":"none","transfer-encoding":"chunked"}
[debug] [2021-06-28T07:27:41.281Z] >>> HTTP REQUEST POST https://cloudfunctions.googleapis.com/v1/projects/three-zero-club/locations/us-central1/functions:generateUploadUrl  
 
[debug] [2021-06-28T07:27:42.362Z] <<< HTTP RESPONSE 200 {"content-type":"application/json; charset=UTF-8","vary":"X-Origin, Referer, Origin,Accept-Encoding","date":"Mon, 28 Jun 2021 07:29:08 GMT","server":"ESF","cache-control":"private","x-xss-protection":"0","x-frame-options":"SAMEORIGIN","x-content-type-options":"nosniff","alt-svc":"h3=\":443\"; ma=2592000,h3-29=\":443\"; ma=2592000,h3-T051=\":443\"; ma=2592000,h3-Q050=\":443\"; ma=2592000,h3-Q046=\":443\"; ma=2592000,h3-Q043=\":443\"; ma=2592000,quic=\":443\"; ma=2592000; v=\"46,43\"","accept-ranges":"none","transfer-encoding":"chunked"}
[debug] [2021-06-28T07:27:42.366Z] >>> HTTP REQUEST PUT https://storage.googleapis.com/gcf-upload-us-central1-9e345ada-b9fb-4993-bda7-3bc9dd518ebd/1f9450a6-eea5-4da9-87d2-3ab4fb09859e.zip?GoogleAccessId=service-777429204977@gcf-admin-robot.iam.gserviceaccount.com&Expires=1624867148&Signature=dZLuARp8Au6Fj1iPjSz4jbtKAtYHRBE1ozKb%2BAIDXucsjwag4GMgzWiTgtv46KIsKddk5eGtcOOZiKGfApBG%2FZ%2FWBJbhXC4CpqBMnubI9FOQGVKclr9FLJ2mJ09XTECSfhDy4rKxkv9WWPyWNUp01aVuaeIqsVuSXA9iSYF09o7TnVlqkb9jae%2Ftkh%2FV4ehzz0e7OmpV35UERTCBvj%2BfUP0kEQq%2Bhc6YMdqgKCx0EEYWApOvAR11LdSNPAwi30tTzQ5B8BFYN8JksAqMYuf0y1OoYtlbOfZ%2BoiSwdmBNbA1zZKJO2gaN%2FI1U13UdYjM7w5c7B%2FtGuYPIxfmizF834g%3D%3D  
 <request body omitted>
